Using pre-set license
Built from '2023.2/staging' branch; Version is '2023.2.13f1 (70197a359f36) revision 7346554'; Using compiler version '193431935'; Build Type 'Release'
OS: 'Windows 11  (10.0.22631) 64bit CoreSingleLanguage' Language: 'es' Physical Memory: 16106 MB
BatchMode: 1, IsHumanControllingUs: 0, StartBugReporterOnCrash: 0, Is64bit: 1, IsPro: 1

COMMAND LINE ARGUMENTS:
C:\Program Files\Unity\Hub\Editor\2023.2.13f1\Editor\Unity.exe
-adb2
-batchMode
-noUpm
-name
AssetImportWorker0
-projectPath
C:/Users/LUIS6/Documents/GitHub/TC2008B.570_SP_MovilidadUrbana/MovilidadUrbanaSP
-logFile
Logs/AssetImportWorker0.log
-srvPort
53613
-job-worker-count
5
-background-job-worker-count
8
-asset-garbage-collectors
1
Successfully changed project path to: C:/Users/LUIS6/Documents/GitHub/TC2008B.570_SP_MovilidadUrbana/MovilidadUrbanaSP
C:/Users/LUIS6/Documents/GitHub/TC2008B.570_SP_MovilidadUrbana/MovilidadUrbanaSP
[UnityMemory] Configuration Parameters - Can be set up in boot.config
    "memorysetup-bucket-allocator-granularity=16"
    "memorysetup-bucket-allocator-bucket-count=8"
    "memorysetup-bucket-allocator-block-size=33554432"
    "memorysetup-bucket-allocator-block-count=8"
    "memorysetup-main-allocator-block-size=16777216"
    "memorysetup-thread-allocator-block-size=16777216"
    "memorysetup-gfx-main-allocator-block-size=16777216"
    "memorysetup-gfx-thread-allocator-block-size=16777216"
    "memorysetup-cache-allocator-block-size=4194304"
    "memorysetup-typetree-allocator-block-size=2097152"
    "memorysetup-profiler-bucket-allocator-granularity=16"
    "memorysetup-profiler-bucket-allocator-bucket-count=8"
    "memorysetup-profiler-bucket-allocator-block-size=33554432"
    "memorysetup-profiler-bucket-allocator-block-count=8"
    "memorysetup-profiler-allocator-block-size=16777216"
    "memorysetup-profiler-editor-allocator-block-size=1048576"
    "memorysetup-temp-allocator-size-main=16777216"
    "memorysetup-job-temp-allocator-block-size=2097152"
    "memorysetup-job-temp-allocator-block-size-background=1048576"
    "memorysetup-job-temp-allocator-reduction-small-platforms=262144"
    "memorysetup-allocator-temp-initial-block-size-main=262144"
    "memorysetup-allocator-temp-initial-block-size-worker=262144"
    "memorysetup-temp-allocator-size-background-worker=32768"
    "memorysetup-temp-allocator-size-job-worker=262144"
    "memorysetup-temp-allocator-size-preload-manager=33554432"
    "memorysetup-temp-allocator-size-nav-mesh-worker=65536"
    "memorysetup-temp-allocator-size-audio-worker=65536"
    "memorysetup-temp-allocator-size-cloud-worker=32768"
    "memorysetup-temp-allocator-size-gi-baking-worker=262144"
    "memorysetup-temp-allocator-size-gi-baking-worker=262144"
    "memorysetup-temp-allocator-size-gi-baking-worker=262144"
    "memorysetup-temp-allocator-size-gi-baking-worker=262144"
    "memorysetup-temp-allocator-size-gfx=262144"
Player connection [24172] Host "[IP] 192.168.1.145 [Port] 0 [Flags] 2 [Guid] 583927338 [EditorId] 583927338 [Version] 1048832 [Id] WindowsEditor(7,LAPTOP-N86C1AS1) [Debug] 1 [PackageName] WindowsEditor [ProjectName] Editor" joined multi-casting on [225.0.0.222:54997]...
Player connection [24172] Host "[IP] 192.168.1.145 [Port] 0 [Flags] 2 [Guid] 583927338 [EditorId] 583927338 [Version] 1048832 [Id] WindowsEditor(7,LAPTOP-N86C1AS1) [Debug] 1 [PackageName] WindowsEditor [ProjectName] Editor" joined alternative multi-casting on [225.0.0.222:34997]...
JobSystem: Creating JobQueue using job-worker-count value 5
[Physics::Module] Initialized MultithreadedJobDispatcher with 5 workers.
Library Redirect Path: Library/
Refreshing native plugins compatible for Editor in 2.98 ms, found 3 plugins.
Preloading 0 native plugins for Editor in 0.00 ms.
Initialize engine version: 2023.2.13f1 (70197a359f36)
[Subsystems] Discovering subsystems at path C:/Program Files/Unity/Hub/Editor/2023.2.13f1/Editor/Data/Resources/UnitySubsystems
[Subsystems] Discovering subsystems at path C:/Users/LUIS6/Documents/GitHub/TC2008B.570_SP_MovilidadUrbana/MovilidadUrbanaSP/Assets
GfxDevice: creating device client; kGfxThreadingModeNonThreaded
Direct3D:
    Version:  Direct3D 11.0 [level 11.1]
    Renderer: NVIDIA GeForce RTX 3050 Laptop GPU (ID=0x25a5)
    Vendor:   NVIDIA
    VRAM:     3977 MB
    Driver:   31.0.15.4592
Initialize mono
Mono path[0] = 'C:/Program Files/Unity/Hub/Editor/2023.2.13f1/Editor/Data/Managed'
Mono path[1] = 'C:/Program Files/Unity/Hub/Editor/2023.2.13f1/Editor/Data/MonoBleedingEdge/lib/mono/unityjit-win32'
Mono config path = 'C:/Program Files/Unity/Hub/Editor/2023.2.13f1/Editor/Data/MonoBleedingEdge/etc'
Using monoOptions --debugger-agent=transport=dt_socket,embedding=1,server=y,suspend=n,address=127.0.0.1:56052
Begin MonoManager ReloadAssembly
C:\build\output\Unity-Technologies\mono\mono\metadata\icall.c:1842:
C:\build\output\Unity-Technologies\mono\mono\metadata\icall.c:1842:
C:\build\output\Unity-Technologies\mono\mono\metadata\icall.c:1842:
C:\build\output\Unity-Technologies\mono\mono\metadata\icall.c:1842:
C:\build\output\Unity-Technologies\mono\mono\metadata\icall.c:1842:
C:\build\output\Unity-Technologies\mono\mono\metadata\icall.c:1842:
C:\build\output\Unity-Technologies\mono\mono\metadata\icall.c:1842:
C:\build\output\Unity-Technologies\mono\mono\metadata\icall.c:1842:
C:\build\output\Unity-Technologies\mono\mono\metadata\icall.c:1842:
C:\build\output\Unity-Technologies\mono\mono\metadata\icall.c:1842:
Registering precompiled unity dll's ...
Register platform support module: C:/Program Files/Unity/Hub/Editor/2023.2.13f1/Editor/Data/PlaybackEngines/WindowsStandaloneSupport/UnityEditor.WindowsStandalone.Extensions.dll
Registered in 0.003878 seconds.
- Loaded All Assemblies, in  0.533 seconds
Native extension for WindowsStandalone target not found
Mono: successfully reloaded assembly
C:\build\output\Unity-Technologies\mono\mono\metadata\icall.c:1842:
C:\build\output\Unity-Technologies\mono\mono\metadata\icall.c:1842:
- Finished resetting the current domain, in  0.358 seconds
Domain Reload Profiling: 890ms
	BeginReloadAssembly (195ms)
		ExecutionOrderSort (0ms)
		DisableScriptedObjects (0ms)
		BackupInstance (0ms)
		ReleaseScriptingObjects (0ms)
		CreateAndSetChildDomain (1ms)
	RebuildCommonClasses (45ms)
	RebuildNativeTypeToScriptingClass (19ms)
	initialDomainReloadingComplete (62ms)
	LoadAllAssembliesAndSetupDomain (210ms)
		LoadAssemblies (192ms)
		RebuildTransferFunctionScriptingTraits (0ms)
		AnalyzeDomain (207ms)
			TypeCache.Refresh (205ms)
				TypeCache.ScanAssembly (189ms)
			BuildScriptInfoCaches (0ms)
			ResolveRequiredComponents (0ms)
	FinalizeReload (359ms)
		ReleaseScriptCaches (0ms)
		RebuildScriptCaches (0ms)
		SetupLoadedEditorAssemblies (295ms)
			LogAssemblyErrors (0ms)
			InitializePlatformSupportModulesInManaged (14ms)
			SetLoadedEditorAssemblies (8ms)
			BeforeProcessingInitializeOnLoad (6ms)
			ProcessInitializeOnLoadAttributes (215ms)
			ProcessInitializeOnLoadMethodAttributes (52ms)
			AfterProcessingInitializeOnLoad (0ms)
			EditorAssembliesLoaded (0ms)
		ExecutionOrderSort2 (0ms)
		AwakeInstancesAfterBackupRestoration (0ms)
========================================================================
Worker process is ready to serve import requests
Import Worker Mode flag is 0x00
Begin MonoManager ReloadAssembly
C:\build\output\Unity-Technologies\mono\mono\metadata\icall.c:1842:
C:\build\output\Unity-Technologies\mono\mono\metadata\icall.c:1842:
C:\build\output\Unity-Technologies\mono\mono\metadata\icall.c:1842:
C:\build\output\Unity-Technologies\mono\mono\metadata\icall.c:1842:
C:\build\output\Unity-Technologies\mono\mono\metadata\icall.c:1842:
C:\build\output\Unity-Technologies\mono\mono\metadata\icall.c:1842:
C:\build\output\Unity-Technologies\mono\mono\metadata\icall.c:1842:
C:\build\output\Unity-Technologies\mono\mono\metadata\icall.c:1842:
C:\build\output\Unity-Technologies\mono\mono\metadata\icall.c:1842:
C:\build\output\Unity-Technologies\mono\mono\metadata\icall.c:1842:
C:\build\output\Unity-Technologies\mono\mono\metadata\icall.c:1842:
C:\build\output\Unity-Technologies\mono\mono\metadata\icall.c:1842:
Symbol file LoadedFromMemory doesn't match image C:\Users\LUIS6\Documents\GitHub\TC2008B.570_SP_MovilidadUrbana\MovilidadUrbanaSP\Library\PackageCache\com.unity.visualscripting@1.8.0\Editor\VisualScripting.Core\Dependencies\YamlDotNet\Unity.VisualScripting.YamlDotNet.dll
Symbol file LoadedFromMemory doesn't match image C:\Users\LUIS6\Documents\GitHub\TC2008B.570_SP_MovilidadUrbana\MovilidadUrbanaSP\Library\PackageCache\com.unity.visualscripting@1.8.0\Editor\VisualScripting.Core\Dependencies\DotNetZip\Unity.VisualScripting.IonicZip.dll
Symbol file LoadedFromMemory is not a mono symbol file
- Loaded All Assemblies, in  1.005 seconds
Refreshing native plugins compatible for Editor in 0.83 ms, found 3 plugins.
Native extension for WindowsStandalone target not found
Mono: successfully reloaded assembly
- Finished resetting the current domain, in  0.816 seconds
Domain Reload Profiling: 1817ms
	BeginReloadAssembly (371ms)
		ExecutionOrderSort (0ms)
		DisableScriptedObjects (6ms)
		BackupInstance (0ms)
		ReleaseScriptingObjects (0ms)
		CreateAndSetChildDomain (35ms)
	RebuildCommonClasses (42ms)
	RebuildNativeTypeToScriptingClass (12ms)
	initialDomainReloadingComplete (44ms)
	LoadAllAssembliesAndSetupDomain (530ms)
		LoadAssemblies (428ms)
		RebuildTransferFunctionScriptingTraits (0ms)
		AnalyzeDomain (203ms)
			TypeCache.Refresh (167ms)
				TypeCache.ScanAssembly (148ms)
			BuildScriptInfoCaches (28ms)
			ResolveRequiredComponents (4ms)
	FinalizeReload (817ms)
		ReleaseScriptCaches (0ms)
		RebuildScriptCaches (0ms)
		SetupLoadedEditorAssemblies (610ms)
			LogAssemblyErrors (0ms)
			InitializePlatformSupportModulesInManaged (3ms)
			SetLoadedEditorAssemblies (4ms)
			BeforeProcessingInitializeOnLoad (47ms)
			ProcessInitializeOnLoadAttributes (523ms)
			ProcessInitializeOnLoadMethodAttributes (27ms)
			AfterProcessingInitializeOnLoad (5ms)
			EditorAssembliesLoaded (0ms)
		ExecutionOrderSort2 (0ms)
		AwakeInstancesAfterBackupRestoration (10ms)
Launched and connected shader compiler UnityShaderCompiler.exe after 0.02 seconds
Refreshing native plugins compatible for Editor in 0.93 ms, found 3 plugins.
Preloading 0 native plugins for Editor in 0.00 ms.
Unloading 43 Unused Serialized files (Serialized files now loaded: 0)
Unloading 3564 unused Assets / (1.1 MB). Loaded Objects now: 4189.
Memory consumption went from 144.8 MB to 143.7 MB.
Total: 6.760400 ms (FindLiveObjects: 0.438600 ms CreateObjectMapping: 0.306500 ms MarkObjects: 4.776900 ms  DeleteObjects: 1.237000 ms)

========================================================================
Received Import Request.
  Time since last request: 323934.048143 seconds.
  path: Assets/NPC´s/Police/Police 2.fbm/Ch15_1001_Normal.png
  artifactKey: Guid(a2682d6483effa34cabc8fa0724a1d23) Importer(815301076,1909f56bfc062723c751e8b465ee728b)
Start importing Assets/NPC´s/Police/Police 2.fbm/Ch15_1001_Normal.png using Guid(a2682d6483effa34cabc8fa0724a1d23) Importer(815301076,1909f56bfc062723c751e8b465ee728b) (PreviewImporter) -> (artifact id: 'fb41c8591725b6de20be797b8a420866') in 0.0946901 seconds
Number of updated asset objects reloaded before import = 0Number of asset objects unloaded after import = 2

========================================================================
Received Import Request.
  Time since last request: 0.000296 seconds.
  path: Assets/NPC´s/Police/Police 2.fbm/Ch15_1002_Glossiness.png
  artifactKey: Guid(95784ebe701f67d4b8867667b5df479f) Importer(815301076,1909f56bfc062723c751e8b465ee728b)
Start importing Assets/NPC´s/Police/Police 2.fbm/Ch15_1002_Glossiness.png using Guid(95784ebe701f67d4b8867667b5df479f) Importer(815301076,1909f56bfc062723c751e8b465ee728b) (PreviewImporter) -> (artifact id: '2da7ef0743b580e1f27f5b938374824c') in 0.0187229 seconds
Number of updated asset objects reloaded before import = 0Number of asset objects unloaded after import = 2

========================================================================
Received Import Request.
  Time since last request: 0.000031 seconds.
  path: Assets/NPC´s/Police/Police 2.fbm/Ch15_1001_Specular.png
  artifactKey: Guid(100cf19ae547dfc49a0f1f4a67ca6e92) Importer(815301076,1909f56bfc062723c751e8b465ee728b)
Start importing Assets/NPC´s/Police/Police 2.fbm/Ch15_1001_Specular.png using Guid(100cf19ae547dfc49a0f1f4a67ca6e92) Importer(815301076,1909f56bfc062723c751e8b465ee728b) (PreviewImporter) -> (artifact id: 'fe38153fbc72248f2e648fd572ab7480') in 0.0191676 seconds
Number of updated asset objects reloaded before import = 0Number of asset objects unloaded after import = 2

========================================================================
Received Import Request.
  Time since last request: 0.000023 seconds.
  path: Assets/NPC´s/Police/Police 1.fbm/Ch15_1001_Specular.png
  artifactKey: Guid(5dd18b302d3262f498cc1a75d08a8963) Importer(815301076,1909f56bfc062723c751e8b465ee728b)
Start importing Assets/NPC´s/Police/Police 1.fbm/Ch15_1001_Specular.png using Guid(5dd18b302d3262f498cc1a75d08a8963) Importer(815301076,1909f56bfc062723c751e8b465ee728b) (PreviewImporter) -> (artifact id: '62ff21b25710ece4fb43b413c6f7933e') in 0.016657 seconds
Number of updated asset objects reloaded before import = 0Number of asset objects unloaded after import = 2

========================================================================
Received Import Request.
  Time since last request: 0.000016 seconds.
  path: Assets/NPC´s/Police/Police 2.fbm/Ch15_1002_Normal.png
  artifactKey: Guid(084aa800ea4ff494f9c6aa5eade214f0) Importer(815301076,1909f56bfc062723c751e8b465ee728b)
Start importing Assets/NPC´s/Police/Police 2.fbm/Ch15_1002_Normal.png using Guid(084aa800ea4ff494f9c6aa5eade214f0) Importer(815301076,1909f56bfc062723c751e8b465ee728b) (PreviewImporter) -> (artifact id: '93b87e5750cde646929c4826ed98095b') in 0.0177948 seconds
Number of updated asset objects reloaded before import = 0Number of asset objects unloaded after import = 2

========================================================================
Received Import Request.
  Time since last request: 0.000041 seconds.
  path: Assets/NPC´s/Police/Police 2.fbm
  artifactKey: Guid(7eae84749df8c6d4d8d243fe736ebaf4) Importer(815301076,1909f56bfc062723c751e8b465ee728b)
Start importing Assets/NPC´s/Police/Police 2.fbm using Guid(7eae84749df8c6d4d8d243fe736ebaf4) Importer(815301076,1909f56bfc062723c751e8b465ee728b) (PreviewImporter) -> (artifact id: 'cb106ffe1042b93904ade97570e34815') in 0.0009603 seconds
Number of updated asset objects reloaded before import = 0Number of asset objects unloaded after import = 0

========================================================================
Received Import Request.
  Time since last request: 0.000081 seconds.
  path: Assets/NPC´s/Police/Police 1.fbm/Ch15_1002_Emissive.png
  artifactKey: Guid(9c781dafdac247147869fb61422b4646) Importer(815301076,1909f56bfc062723c751e8b465ee728b)
Start importing Assets/NPC´s/Police/Police 1.fbm/Ch15_1002_Emissive.png using Guid(9c781dafdac247147869fb61422b4646) Importer(815301076,1909f56bfc062723c751e8b465ee728b) (PreviewImporter) -> (artifact id: '4fbf008cb9922015636f3e73e6df70ac') in 0.0313838 seconds
Number of updated asset objects reloaded before import = 0Number of asset objects unloaded after import = 2

========================================================================
Received Import Request.
  Time since last request: 0.000022 seconds.
  path: Assets/NPC´s/Police/Police 2.fbm/Ch15_1001_Glossiness.png
  artifactKey: Guid(1506b65c41c41cf43be678e2c69f49ed) Importer(815301076,1909f56bfc062723c751e8b465ee728b)
Start importing Assets/NPC´s/Police/Police 2.fbm/Ch15_1001_Glossiness.png using Guid(1506b65c41c41cf43be678e2c69f49ed) Importer(815301076,1909f56bfc062723c751e8b465ee728b) (PreviewImporter) -> (artifact id: 'd289a7acc2d98d6b419d7206b1180426') in 0.0175349 seconds
Number of updated asset objects reloaded before import = 0Number of asset objects unloaded after import = 2

========================================================================
Received Import Request.
  Time since last request: 0.000045 seconds.
  path: Assets/NPC´s/Police/Police 1.fbm/Ch15_1001_Diffuse.png
  artifactKey: Guid(9a99a1175732af949b5873a0d84bc542) Importer(815301076,1909f56bfc062723c751e8b465ee728b)
Start importing Assets/NPC´s/Police/Police 1.fbm/Ch15_1001_Diffuse.png using Guid(9a99a1175732af949b5873a0d84bc542) Importer(815301076,1909f56bfc062723c751e8b465ee728b) (PreviewImporter) -> (artifact id: '3b59c17b55a087fb3f8c798e879620a8') in 0.0225817 seconds
Number of updated asset objects reloaded before import = 0Number of asset objects unloaded after import = 2

========================================================================
Received Import Request.
  Time since last request: 0.000054 seconds.
  path: Assets/NPC´s/Police/Police 2.fbm/Ch15_1002_Emissive.png
  artifactKey: Guid(ea0ff9b88a0c3b44f89ab6eb0928f7e0) Importer(815301076,1909f56bfc062723c751e8b465ee728b)
Start importing Assets/NPC´s/Police/Police 2.fbm/Ch15_1002_Emissive.png using Guid(ea0ff9b88a0c3b44f89ab6eb0928f7e0) Importer(815301076,1909f56bfc062723c751e8b465ee728b) (PreviewImporter) -> (artifact id: 'c3cb7836dd775131d9da7beceeb6cb3d') in 0.0085452 seconds
Number of updated asset objects reloaded before import = 0Number of asset objects unloaded after import = 2

========================================================================
Received Import Request.
  Time since last request: 0.000022 seconds.
  path: Assets/NPC´s/Police/Police 2.fbm/Ch15_1001_Diffuse.png
  artifactKey: Guid(5d721872c0439c941ae756b9e53e2927) Importer(815301076,1909f56bfc062723c751e8b465ee728b)
Start importing Assets/NPC´s/Police/Police 2.fbm/Ch15_1001_Diffuse.png using Guid(5d721872c0439c941ae756b9e53e2927) Importer(815301076,1909f56bfc062723c751e8b465ee728b) (PreviewImporter) -> (artifact id: '895fd783bfdef1846de46c2629e92b0c') in 0.0125253 seconds
Number of updated asset objects reloaded before import = 0Number of asset objects unloaded after import = 2

========================================================================
Received Import Request.
  Time since last request: 0.000026 seconds.
  path: Assets/NPC´s/Police/Police 1.fbm
  artifactKey: Guid(8975dd163f083dd48b25eb33ce4b11b6) Importer(815301076,1909f56bfc062723c751e8b465ee728b)
Start importing Assets/NPC´s/Police/Police 1.fbm using Guid(8975dd163f083dd48b25eb33ce4b11b6) Importer(815301076,1909f56bfc062723c751e8b465ee728b) (PreviewImporter) -> (artifact id: 'eb5439044cc10e185ccbaf0133c47e9f') in 0.0013805 seconds
Number of updated asset objects reloaded before import = 0Number of asset objects unloaded after import = 0

========================================================================
Received Import Request.
  Time since last request: 0.000122 seconds.
  path: Assets/NPC´s/Police/Police 1.fbm/Ch15_1002_Specular.png
  artifactKey: Guid(720a92ac955240649816dc3ffaba7cc7) Importer(815301076,1909f56bfc062723c751e8b465ee728b)
Start importing Assets/NPC´s/Police/Police 1.fbm/Ch15_1002_Specular.png using Guid(720a92ac955240649816dc3ffaba7cc7) Importer(815301076,1909f56bfc062723c751e8b465ee728b) (PreviewImporter) -> (artifact id: '23050fc610827a800744760b72462006') in 0.0183749 seconds
Number of updated asset objects reloaded before import = 0Number of asset objects unloaded after import = 2

========================================================================
Received Import Request.
  Time since last request: 0.000025 seconds.
  path: Assets/NPC´s/Police/Police 1.fbm/Ch15_1002_Diffuse.png
  artifactKey: Guid(7b37a8805d85bbb49a9f2813dbf1221b) Importer(815301076,1909f56bfc062723c751e8b465ee728b)
Start importing Assets/NPC´s/Police/Police 1.fbm/Ch15_1002_Diffuse.png using Guid(7b37a8805d85bbb49a9f2813dbf1221b) Importer(815301076,1909f56bfc062723c751e8b465ee728b) (PreviewImporter) -> (artifact id: 'aac6569deaf7f9786e6a39bc52095886') in 0.0190674 seconds
Number of updated asset objects reloaded before import = 0Number of asset objects unloaded after import = 2

========================================================================
Received Import Request.
  Time since last request: 0.000024 seconds.
  path: Assets/NPC´s/Police/Police 1.fbm/Ch15_1001_Glossiness.png
  artifactKey: Guid(477f9aa2ae955db4490dc9c5f2494b8a) Importer(815301076,1909f56bfc062723c751e8b465ee728b)
Start importing Assets/NPC´s/Police/Police 1.fbm/Ch15_1001_Glossiness.png using Guid(477f9aa2ae955db4490dc9c5f2494b8a) Importer(815301076,1909f56bfc062723c751e8b465ee728b) (PreviewImporter) -> (artifact id: '2beb190471c3013d930258cf200f0479') in 0.0129179 seconds
Number of updated asset objects reloaded before import = 0Number of asset objects unloaded after import = 2

========================================================================
Received Import Request.
  Time since last request: 0.000034 seconds.
  path: Assets/NPC´s/Police/Police 1.fbm/Ch15_1002_Normal.png
  artifactKey: Guid(49d2387513d08744895d8058d5323a02) Importer(815301076,1909f56bfc062723c751e8b465ee728b)
Start importing Assets/NPC´s/Police/Police 1.fbm/Ch15_1002_Normal.png using Guid(49d2387513d08744895d8058d5323a02) Importer(815301076,1909f56bfc062723c751e8b465ee728b) (PreviewImporter) -> (artifact id: 'f1492205edb3c6a92de968278a3f7593') in 0.0300479 seconds
Number of updated asset objects reloaded before import = 0Number of asset objects unloaded after import = 2

========================================================================
Received Import Request.
  Time since last request: 0.000022 seconds.
  path: Assets/NPC´s/Police/Police 2.fbm/Ch15_1002_Diffuse.png
  artifactKey: Guid(4d9d800fd9102eb4186f84571d801b49) Importer(815301076,1909f56bfc062723c751e8b465ee728b)
Start importing Assets/NPC´s/Police/Police 2.fbm/Ch15_1002_Diffuse.png using Guid(4d9d800fd9102eb4186f84571d801b49) Importer(815301076,1909f56bfc062723c751e8b465ee728b) (PreviewImporter) -> (artifact id: '328f32f9a721ba083140fe9eeecf22bb') in 0.015996 seconds
Number of updated asset objects reloaded before import = 0Number of asset objects unloaded after import = 2

========================================================================
Received Import Request.
  Time since last request: 0.000021 seconds.
  path: Assets/NPC´s/Police/Police 1.fbm/Ch15_1002_Glossiness.png
  artifactKey: Guid(b74df86d707c9a0479278f7bd05dcd12) Importer(815301076,1909f56bfc062723c751e8b465ee728b)
Start importing Assets/NPC´s/Police/Police 1.fbm/Ch15_1002_Glossiness.png using Guid(b74df86d707c9a0479278f7bd05dcd12) Importer(815301076,1909f56bfc062723c751e8b465ee728b) (PreviewImporter) -> (artifact id: '27d93781f608a92bba2667a943245487') in 0.0151734 seconds
Number of updated asset objects reloaded before import = 0Number of asset objects unloaded after import = 2

========================================================================
Received Import Request.
  Time since last request: 0.000020 seconds.
  path: Assets/NPC´s/Police/Police 1.fbm/Ch15_1001_Normal.png
  artifactKey: Guid(a481654006782e64aa7f50ad4be35423) Importer(815301076,1909f56bfc062723c751e8b465ee728b)
Start importing Assets/NPC´s/Police/Police 1.fbm/Ch15_1001_Normal.png using Guid(a481654006782e64aa7f50ad4be35423) Importer(815301076,1909f56bfc062723c751e8b465ee728b) (PreviewImporter) -> (artifact id: '68c239a8d3f9450726b7894342beb9a9') in 0.02268 seconds
Number of updated asset objects reloaded before import = 0Number of asset objects unloaded after import = 2

========================================================================
Received Import Request.
  Time since last request: 0.000031 seconds.
  path: Assets/NPC´s/Police/Police 2.fbm/Ch15_1002_Specular.png
  artifactKey: Guid(bd24d0b64b9218746b5c776d7a93aacc) Importer(815301076,1909f56bfc062723c751e8b465ee728b)
Start importing Assets/NPC´s/Police/Police 2.fbm/Ch15_1002_Specular.png using Guid(bd24d0b64b9218746b5c776d7a93aacc) Importer(815301076,1909f56bfc062723c751e8b465ee728b) (PreviewImporter) -> (artifact id: 'cb9e95bedbb3389528c8a7b3affd77b3') in 0.0138881 seconds
Number of updated asset objects reloaded before import = 0Number of asset objects unloaded after import = 2

